<?xml version="1.0" encoding="UTF-8"?>
<!-- Generated by org.testng.reporters.JUnitReportReporter -->
<testsuite hostname="Abhijit" failures="0" tests="5" name="testCase.Tc_003_LoginDataDrivenTest" time="37.814" errors="0" timestamp="2023-09-03T22:26:03 BST" skipped="0">
  <testcase classname="testCase.Tc_003_LoginDataDrivenTest" name="TestLoginDDT" time="11.063"/>
  <testcase classname="testCase.Tc_003_LoginDataDrivenTest" name="TestLoginDDT" time="2.007"/>
  <testcase classname="testCase.Tc_003_LoginDataDrivenTest" name="TestLoginDDT" time="11.407"/>
  <testcase classname="testCase.Tc_003_LoginDataDrivenTest" name="TestLoginDDT" time="11.001"/>
  <testcase classname="testCase.Tc_003_LoginDataDrivenTest" name="TestLoginDDT" time="2.336"/>
</testsuite> <!-- testCase.Tc_003_LoginDataDrivenTest -->
