<?xml version="1.0" encoding="UTF-8"?>
<!-- Generated by org.testng.reporters.JUnitReportReporter -->
<testsuite hostname="Abhijit" failures="0" tests="1" name="testCase.Tc_002_LoginTest" time="1.662" errors="0" timestamp="2023-09-06T00:42:25 BST" skipped="0">
  <testcase classname="testCase.Tc_002_LoginTest" name="TestLoginAcc" time="1.662"/>
</testsuite> <!-- testCase.Tc_002_LoginTest -->
